# JRE version: Java(TM) SE Runtime Environment (17.0.8+9) (build 17.0.8+9-LTS-211)
# Java VM: Java HotSpot(TM) 64-Bit Server VM (17.0.8+9-LTS-211, mixed mode, emulated-client, sharing, tiered, compressed oops, compressed class ptrs, g1 gc, windows-amd64)
GC Precious Log:
 CPUs: 8 total, 8 available
 Memory: 8039M
 Large Page Support: Disabled
 NUMA Support: Disabled
 Compressed Oops: Enabled (32-bit)
 Heap Region Size: 1M
 Heap Min Capacity: 8M
 Heap Initial Capacity: 126M
 Heap Max Capacity: 2010M
 Pre-touch: Disabled
 Parallel Workers: 8
 Concurrent Workers: 2
 Concurrent Refinement Workers: 8
 Periodic GC: Disabled
Heap:
 garbage-first heap   total 78848K, used 38226K [0x0000000082600000, 0x0000000100000000)
  region size 1024K, 17 young (17408K), 3 survivors (3072K)
 Metaspace       used 39804K, committed 40128K, reserved 1114112K
  class space    used 5597K, committed 5760K, reserved 1048576K
GC Heap History (18 events):
Event: 1.868 GC heap before
{Heap before GC invocations=0 (full 0):
 garbage-first heap   total 129024K, used 23552K [0x0000000082600000, 0x0000000100000000)
  region size 1024K, 23 young (23552K), 0 survivors (0K)
 Metaspace       used 6391K, committed 6656K, reserved 1114112K
  class space    used 786K, committed 896K, reserved 1048576K
}
Event: 1.882 GC heap after
{Heap after GC invocations=1 (full 0):
 garbage-first heap   total 129024K, used 10977K [0x0000000082600000, 0x0000000100000000)
  region size 1024K, 3 young (3072K), 3 survivors (3072K)
 Metaspace       used 6391K, committed 6656K, reserved 1114112K
  class space    used 786K, committed 896K, reserved 1048576K
}
Event: 2.736 GC heap before
{Heap before GC invocations=1 (full 0):
 garbage-first heap   total 129024K, used 29409K [0x0000000082600000, 0x0000000100000000)
  region size 1024K, 21 young (21504K), 3 survivors (3072K)
 Metaspace       used 10471K, committed 10752K, reserved 1114112K
  class space    used 1401K, committed 1536K, reserved 1048576K
}
Event: 2.747 GC heap after
{Heap after GC invocations=2 (full 0):
 garbage-first heap   total 129024K, used 13125K [0x0000000082600000, 0x0000000100000000)
  region size 1024K, 2 young (2048K), 2 survivors (2048K)
 Metaspace       used 10471K, committed 10752K, reserved 1114112K
  class space    used 1401K, committed 1536K, reserved 1048576K
}
Event: 4.197 GC heap before
{Heap before GC invocations=2 (full 0):
 garbage-first heap   total 129024K, used 55109K [0x0000000082600000, 0x0000000100000000)
  region size 1024K, 44 young (45056K), 2 survivors (2048K)
 Metaspace       used 18351K, committed 18688K, reserved 1114112K
  class space    used 2488K, committed 2624K, reserved 1048576K
}
Event: 4.207 GC heap after
{Heap after GC invocations=3 (full 0):
 garbage-first heap   total 129024K, used 15365K [0x0000000082600000, 0x0000000100000000)
  region size 1024K, 5 young (5120K), 5 survivors (5120K)
 Metaspace       used 18351K, committed 18688K, reserved 1114112K
  class space    used 2488K, committed 2624K, reserved 1048576K
}
Event: 5.568 GC heap before
{Heap before GC invocations=3 (full 0):
 garbage-first heap   total 129024K, used 60421K [0x0000000082600000, 0x0000000100000000)
  region size 1024K, 50 young (51200K), 5 survivors (5120K)
 Metaspace       used 21274K, committed 21504K, reserved 1114112K
  class space    used 2901K, committed 3008K, reserved 1048576K
}
Event: 5.581 GC heap after
{Heap after GC invocations=4 (full 0):
 garbage-first heap   total 129024K, used 17986K [0x0000000082600000, 0x0000000100000000)
  region size 1024K, 7 young (7168K), 7 survivors (7168K)
 Metaspace       used 21274K, committed 21504K, reserved 1114112K
  class space    used 2901K, committed 3008K, reserved 1048576K
}
Event: 6.578 GC heap before
{Heap before GC invocations=5 (full 0):
 garbage-first heap   total 65536K, used 48706K [0x0000000082600000, 0x0000000100000000)
  region size 1024K, 38 young (38912K), 7 survivors (7168K)
 Metaspace       used 24247K, committed 24512K, reserved 1114112K
  class space    used 3322K, committed 3456K, reserved 1048576K
}
Event: 6.597 GC heap after
{Heap after GC invocations=6 (full 0):
 garbage-first heap   total 65536K, used 19499K [0x0000000082600000, 0x0000000100000000)
  region size 1024K, 2 young (2048K), 2 survivors (2048K)
 Metaspace       used 24247K, committed 24512K, reserved 1114112K
  class space    used 3322K, committed 3456K, reserved 1048576K
}
Event: 7.486 GC heap before
{Heap before GC invocations=6 (full 0):
 garbage-first heap   total 65536K, used 45099K [0x0000000082600000, 0x0000000100000000)
  region size 1024K, 27 young (27648K), 2 survivors (2048K)
 Metaspace       used 28408K, committed 28736K, reserved 1114112K
  class space    used 3983K, committed 4096K, reserved 1048576K
}
Event: 7.500 GC heap after
{Heap after GC invocations=7 (full 0):
 garbage-first heap   total 65536K, used 22007K [0x0000000082600000, 0x0000000100000000)
  region size 1024K, 4 young (4096K), 4 survivors (4096K)
 Metaspace       used 28408K, committed 28736K, reserved 1114112K
  class space    used 3983K, committed 4096K, reserved 1048576K
}
Event: 8.048 GC heap before
{Heap before GC invocations=7 (full 0):
 garbage-first heap   total 65536K, used 45559K [0x0000000082600000, 0x0000000100000000)
  region size 1024K, 28 young (28672K), 4 survivors (4096K)
 Metaspace       used 30883K, committed 31232K, reserved 1114112K
  class space    used 4255K, committed 4416K, reserved 1048576K
}
Event: 8.061 GC heap after
{Heap after GC invocations=8 (full 0):
 garbage-first heap   total 65536K, used 23728K [0x0000000082600000, 0x0000000100000000)
  region size 1024K, 2 young (2048K), 2 survivors (2048K)
 Metaspace       used 30883K, committed 31232K, reserved 1114112K
  class space    used 4255K, committed 4416K, reserved 1048576K
}
Event: 8.680 GC heap before
{Heap before GC invocations=8 (full 0):
 garbage-first heap   total 65536K, used 47280K [0x0000000082600000, 0x0000000100000000)
  region size 1024K, 26 young (26624K), 2 survivors (2048K)
 Metaspace       used 34669K, committed 35008K, reserved 1114112K
  class space    used 4795K, committed 4928K, reserved 1048576K
}
Event: 8.684 GC heap after
{Heap after GC invocations=9 (full 0):
 garbage-first heap   total 78848K, used 24548K [0x0000000082600000, 0x0000000100000000)
  region size 1024K, 3 young (3072K), 3 survivors (3072K)
 Metaspace       used 34669K, committed 35008K, reserved 1114112K
  class space    used 4795K, committed 4928K, reserved 1048576K
}
Event: 8.841 GC heap before
{Heap before GC invocations=9 (full 0):
 garbage-first heap   total 78848K, used 29668K [0x0000000082600000, 0x0000000100000000)
  region size 1024K, 9 young (9216K), 3 survivors (3072K)
 Metaspace       used 35809K, committed 36096K, reserved 1114112K
  class space    used 5005K, committed 5120K, reserved 1048576K
}
Event: 8.844 GC heap after
{Heap after GC invocations=10 (full 0):
 garbage-first heap   total 78848K, used 24914K [0x0000000082600000, 0x0000000100000000)
  region size 1024K, 3 young (3072K), 3 survivors (3072K)
 Metaspace       used 35809K, committed 36096K, reserved 1114112K
  class space    used 5005K, committed 5120K, reserved 1048576K
}

